<?xml version="1.0" encoding="UTF-8"?>
<coverage generated="1589162258206" clover="3.2.0">
  <project timestamp="1589162258206" name="All files">
    <metrics statements="59" coveredstatements="58" conditionals="18" coveredconditionals="15" methods="22" coveredmethods="22" elements="99" coveredelements="95" complexity="0" loc="59" ncloc="59" packages="2" files="3" classes="3"/>
    <package name="src">
      <metrics statements="56" coveredstatements="55" conditionals="18" coveredconditionals="15" methods="22" coveredmethods="22"/>
      <file name="api.js" path="/home/ghlena/Desktop/laboratoria/LIM012-fe-md-links/src/api.js">
        <metrics statements="44" coveredstatements="43" conditionals="14" coveredconditionals="11" methods="17" coveredmethods="17"/>
        <line num="2" count="1" type="stmt"/>
        <line num="3" count="1" type="stmt"/>
        <line num="4" count="1" type="stmt"/>
        <line num="5" count="1" type="stmt"/>
        <line num="8" count="1" type="stmt"/>
        <line num="10" count="1" type="stmt"/>
        <line num="11" count="1" type="stmt"/>
        <line num="13" count="1" type="stmt"/>
        <line num="24" count="1" type="stmt"/>
        <line num="25" count="5" type="stmt"/>
        <line num="26" count="5" type="stmt"/>
        <line num="33" count="1" type="stmt"/>
        <line num="37" count="22" type="cond" truecount="2" falsecount="0"/>
        <line num="39" count="1" type="stmt"/>
        <line num="40" count="7" type="stmt"/>
        <line num="41" count="7" type="stmt"/>
        <line num="42" count="7" type="stmt"/>
        <line num="43" count="7" type="stmt"/>
        <line num="44" count="7" type="stmt"/>
        <line num="45" count="20" type="stmt"/>
        <line num="50" count="7" type="stmt"/>
        <line num="53" count="1" type="stmt"/>
        <line num="54" count="8" type="stmt"/>
        <line num="55" count="8" type="stmt"/>
        <line num="58" count="26" type="stmt"/>
        <line num="60" count="1" type="stmt"/>
        <line num="61" count="13" type="stmt"/>
        <line num="62" count="13" type="cond" truecount="2" falsecount="0"/>
        <line num="64" count="11" type="stmt"/>
        <line num="67" count="5" type="stmt"/>
        <line num="69" count="4" type="cond" truecount="2" falsecount="0"/>
        <line num="71" count="4" type="cond" truecount="1" falsecount="1"/>
        <line num="76" count="3" type="stmt"/>
        <line num="77" count="3" type="stmt"/>
        <line num="78" count="3" type="cond" truecount="2" falsecount="0"/>
        <line num="79" count="2" type="stmt"/>
        <line num="80" count="2" type="stmt"/>
        <line num="81" count="2" type="stmt"/>
        <line num="82" count="2" type="stmt"/>
        <line num="83" count="2" type="cond" truecount="1" falsecount="1"/>
        <line num="86" count="0" type="stmt"/>
        <line num="88" count="2" type="stmt"/>
        <line num="91" count="1" type="stmt"/>
        <line num="95" count="1" type="stmt"/>
      </file>
      <file name="util.js" path="/home/ghlena/Desktop/laboratoria/LIM012-fe-md-links/src/util.js">
        <metrics statements="12" coveredstatements="12" conditionals="4" coveredconditionals="4" methods="5" coveredmethods="5"/>
        <line num="1" count="10" type="stmt"/>
        <line num="3" count="1" type="stmt"/>
        <line num="4" count="3" type="stmt"/>
        <line num="5" count="15" type="cond" truecount="2" falsecount="0"/>
        <line num="6" count="3" type="stmt"/>
        <line num="9" count="1" type="stmt"/>
        <line num="10" count="3" type="stmt"/>
        <line num="11" count="3" type="cond" truecount="2" falsecount="0"/>
        <line num="12" count="1" type="stmt"/>
        <line num="14" count="2" type="stmt"/>
        <line num="16" count="3" type="stmt"/>
        <line num="19" count="1" type="stmt"/>
      </file>
    </package>
    <package name="test">
      <metrics statements="3" coveredstatements="3" conditionals="0" coveredconditionals="0" methods="0" coveredmethods="0"/>
      <file name="mockData.js" path="/home/ghlena/Desktop/laboratoria/LIM012-fe-md-links/test/mockData.js">
        <metrics statements="3" coveredstatements="3" conditionals="0" coveredconditionals="0" methods="0" coveredmethods="0"/>
        <line num="1" count="2" type="stmt"/>
        <line num="29" count="2" type="stmt"/>
        <line num="66" count="2" type="stmt"/>
      </file>
    </package>
  </project>
</coverage>
