{"/home/ghlena/Desktop/laboratoria/LIM012-fe-md-links/src/api.js": {"path":"/home/ghlena/Desktop/laboratoria/LIM012-fe-md-links/src/api.js","statementMap":{"0":{"start":{"line":2,"column":11},"end":{"line":2,"column":24}},"1":{"start":{"line":3,"column":13},"end":{"line":3,"column":28}},"2":{"start":{"line":4,"column":17},"end":{"line":4,"column":36}},"3":{"start":{"line":5,"column":14},"end":{"line":5,"column":30}},"4":{"start":{"line":8,"column":18},"end":{"line":8,"column":42}},"5":{"start":{"line":10,"column":18},"end":{"line":10,"column":23}},"6":{"start":{"line":11,"column":14},"end":{"line":11,"column":35}},"7":{"start":{"line":14,"column":24},"end":{"line":21,"column":5}},"8":{"start":{"line":14,"column":34},"end":{"line":21,"column":5}},"9":{"start":{"line":15,"column":23},"end":{"line":21,"column":3}},"10":{"start":{"line":24,"column":22},"end":{"line":24,"column":53}},"11":{"start":{"line":24,"column":32},"end":{"line":24,"column":53}},"12":{"start":{"line":26,"column":21},"end":{"line":26,"column":79}},"13":{"start":{"line":26,"column":32},"end":{"line":26,"column":78}},"14":{"start":{"line":28,"column":17},"end":{"line":40,"column":1}},"15":{"start":{"line":29,"column":17},"end":{"line":29,"column":51}},"16":{"start":{"line":30,"column":19},"end":{"line":30,"column":45}},"17":{"start":{"line":31,"column":14},"end":{"line":31,"column":49}},"18":{"start":{"line":32,"column":15},"end":{"line":32,"column":40}},"19":{"start":{"line":33,"column":16},"end":{"line":33,"column":18}},"20":{"start":{"line":34,"column":2},"end":{"line":38,"column":6}},"21":{"start":{"line":34,"column":24},"end":{"line":38,"column":4}},"22":{"start":{"line":39,"column":2},"end":{"line":39,"column":15}},"23":{"start":{"line":42,"column":23},"end":{"line":45,"column":1}},"24":{"start":{"line":43,"column":15},"end":{"line":43,"column":36}},"25":{"start":{"line":44,"column":2},"end":{"line":44,"column":30}},"26":{"start":{"line":48,"column":28},"end":{"line":53,"column":1}},"27":{"start":{"line":49,"column":15},"end":{"line":49,"column":35}},"28":{"start":{"line":50,"column":2},"end":{"line":52,"column":121}},"29":{"start":{"line":52,"column":44},"end":{"line":52,"column":119}},"30":{"start":{"line":52,"column":103},"end":{"line":52,"column":114}},"31":{"start":{"line":56,"column":16},"end":{"line":66,"column":1}},"32":{"start":{"line":57,"column":23},"end":{"line":57,"column":81}},"33":{"start":{"line":58,"column":19},"end":{"line":58,"column":86}},"34":{"start":{"line":58,"column":70},"end":{"line":58,"column":81}},"35":{"start":{"line":59,"column":24},"end":{"line":59,"column":55}},"36":{"start":{"line":60,"column":23},"end":{"line":64,"column":15}},"37":{"start":{"line":61,"column":20},"end":{"line":61,"column":58}},"38":{"start":{"line":61,"column":42},"end":{"line":61,"column":53}},"39":{"start":{"line":62,"column":22},"end":{"line":64,"column":13}},"40":{"start":{"line":63,"column":40},"end":{"line":63,"column":59}},"41":{"start":{"line":65,"column":2},"end":{"line":65,"column":22}},"42":{"start":{"line":68,"column":0},"end":{"line":70,"column":2}}},"fnMap":{"0":{"name":"(anonymous_0)","decl":{"start":{"line":14,"column":24},"end":{"line":14,"column":25}},"loc":{"start":{"line":14,"column":34},"end":{"line":21,"column":5}},"line":14},"1":{"name":"(anonymous_1)","decl":{"start":{"line":15,"column":8},"end":{"line":15,"column":9}},"loc":{"start":{"line":15,"column":23},"end":{"line":21,"column":3}},"line":15},"2":{"name":"(anonymous_2)","decl":{"start":{"line":24,"column":22},"end":{"line":24,"column":23}},"loc":{"start":{"line":24,"column":32},"end":{"line":24,"column":53}},"line":24},"3":{"name":"(anonymous_3)","decl":{"start":{"line":26,"column":21},"end":{"line":26,"column":22}},"loc":{"start":{"line":26,"column":32},"end":{"line":26,"column":78}},"line":26},"4":{"name":"(anonymous_4)","decl":{"start":{"line":28,"column":17},"end":{"line":28,"column":18}},"loc":{"start":{"line":28,"column":29},"end":{"line":40,"column":1}},"line":28},"5":{"name":"(anonymous_5)","decl":{"start":{"line":34,"column":15},"end":{"line":34,"column":16}},"loc":{"start":{"line":34,"column":24},"end":{"line":38,"column":4}},"line":34},"6":{"name":"(anonymous_6)","decl":{"start":{"line":42,"column":23},"end":{"line":42,"column":24}},"loc":{"start":{"line":42,"column":35},"end":{"line":45,"column":1}},"line":42},"7":{"name":"(anonymous_7)","decl":{"start":{"line":48,"column":28},"end":{"line":48,"column":29}},"loc":{"start":{"line":48,"column":40},"end":{"line":53,"column":1}},"line":48},"8":{"name":"(anonymous_8)","decl":{"start":{"line":52,"column":33},"end":{"line":52,"column":34}},"loc":{"start":{"line":52,"column":44},"end":{"line":52,"column":119}},"line":52},"9":{"name":"(anonymous_9)","decl":{"start":{"line":52,"column":93},"end":{"line":52,"column":94}},"loc":{"start":{"line":52,"column":103},"end":{"line":52,"column":114}},"line":52},"10":{"name":"(anonymous_10)","decl":{"start":{"line":56,"column":16},"end":{"line":56,"column":17}},"loc":{"start":{"line":56,"column":36},"end":{"line":66,"column":1}},"line":56},"11":{"name":"(anonymous_11)","decl":{"start":{"line":58,"column":60},"end":{"line":58,"column":61}},"loc":{"start":{"line":58,"column":70},"end":{"line":58,"column":81}},"line":58},"12":{"name":"(anonymous_12)","decl":{"start":{"line":61,"column":10},"end":{"line":61,"column":11}},"loc":{"start":{"line":61,"column":20},"end":{"line":61,"column":58}},"line":61},"13":{"name":"(anonymous_13)","decl":{"start":{"line":61,"column":32},"end":{"line":61,"column":33}},"loc":{"start":{"line":61,"column":42},"end":{"line":61,"column":53}},"line":61},"14":{"name":"(anonymous_14)","decl":{"start":{"line":62,"column":10},"end":{"line":62,"column":11}},"loc":{"start":{"line":62,"column":22},"end":{"line":64,"column":13}},"line":62},"15":{"name":"(anonymous_15)","decl":{"start":{"line":63,"column":30},"end":{"line":63,"column":31}},"loc":{"start":{"line":63,"column":40},"end":{"line":63,"column":59}},"line":63}},"branchMap":{"0":{"loc":{"start":{"line":20,"column":16},"end":{"line":20,"column":62}},"type":"cond-expr","locations":[{"start":{"line":20,"column":49},"end":{"line":20,"column":55}},{"start":{"line":20,"column":58},"end":{"line":20,"column":62}}],"line":20},"1":{"loc":{"start":{"line":26,"column":32},"end":{"line":26,"column":78}},"type":"cond-expr","locations":[{"start":{"line":26,"column":53},"end":{"line":26,"column":71}},{"start":{"line":26,"column":74},"end":{"line":26,"column":78}}],"line":26},"2":{"loc":{"start":{"line":50,"column":9},"end":{"line":52,"column":120}},"type":"cond-expr","locations":[{"start":{"line":51,"column":6},"end":{"line":51,"column":14}},{"start":{"line":52,"column":6},"end":{"line":52,"column":120}}],"line":50},"3":{"loc":{"start":{"line":57,"column":23},"end":{"line":57,"column":81}},"type":"cond-expr","locations":[{"start":{"line":57,"column":52},"end":{"line":57,"column":72}},{"start":{"line":57,"column":75},"end":{"line":57,"column":81}}],"line":57},"4":{"loc":{"start":{"line":62,"column":22},"end":{"line":64,"column":13}},"type":"cond-expr","locations":[{"start":{"line":63,"column":8},"end":{"line":63,"column":61}},{"start":{"line":64,"column":8},"end":{"line":64,"column":13}}],"line":62},"5":{"loc":{"start":{"line":62,"column":23},"end":{"line":62,"column":71}},"type":"binary-expr","locations":[{"start":{"line":62,"column":23},"end":{"line":62,"column":43}},{"start":{"line":62,"column":47},"end":{"line":62,"column":71}}],"line":62}},"s":{"0":1,"1":1,"2":1,"3":1,"4":1,"5":1,"6":1,"7":1,"8":0,"9":0,"10":1,"11":0,"12":1,"13":0,"14":1,"15":0,"16":0,"17":0,"18":0,"19":0,"20":0,"21":0,"22":0,"23":1,"24":0,"25":0,"26":1,"27":0,"28":0,"29":0,"30":0,"31":1,"32":0,"33":0,"34":0,"35":0,"36":0,"37":0,"38":0,"39":0,"40":0,"41":0,"42":1},"f":{"0":0,"1":0,"2":0,"3":0,"4":0,"5":0,"6":0,"7":0,"8":0,"9":0,"10":0,"11":0,"12":0,"13":0,"14":0,"15":0},"b":{"0":[0,0],"1":[0,0],"2":[0,0],"3":[0,0],"4":[0,0],"5":[0,0]},"_coverageSchema":"1a1c01bbd47fc00a2c39e90264f33305004495a9","hash":"b096e15828a55d33d7851a5d18ead2a2b83072cf"}
,"/home/ghlena/Desktop/laboratoria/LIM012-fe-md-links/src/cli.js": {"path":"/home/ghlena/Desktop/laboratoria/LIM012-fe-md-links/src/cli.js","statementMap":{"0":{"start":{"line":3,"column":11},"end":{"line":3,"column":24}},"1":{"start":{"line":5,"column":12},"end":{"line":5,"column":28}},"2":{"start":{"line":7,"column":18},"end":{"line":7,"column":51}},"3":{"start":{"line":7,"column":30},"end":{"line":7,"column":51}},"4":{"start":{"line":9,"column":20},"end":{"line":9,"column":88}},"5":{"start":{"line":9,"column":31},"end":{"line":9,"column":88}},"6":{"start":{"line":9,"column":54},"end":{"line":9,"column":80}},"7":{"start":{"line":11,"column":20},"end":{"line":15,"column":1}},"8":{"start":{"line":12,"column":17},"end":{"line":12,"column":19}},"9":{"start":{"line":13,"column":2},"end":{"line":13,"column":81}},"10":{"start":{"line":13,"column":28},"end":{"line":13,"column":77}},"11":{"start":{"line":14,"column":2},"end":{"line":14,"column":36}},"12":{"start":{"line":17,"column":24},"end":{"line":25,"column":1}},"13":{"start":{"line":18,"column":14},"end":{"line":18,"column":16}},"14":{"start":{"line":19,"column":2},"end":{"line":23,"column":3}},"15":{"start":{"line":20,"column":4},"end":{"line":20,"column":64}},"16":{"start":{"line":22,"column":4},"end":{"line":22,"column":92}},"17":{"start":{"line":24,"column":2},"end":{"line":24,"column":15}},"18":{"start":{"line":28,"column":13},"end":{"line":36,"column":1}},"19":{"start":{"line":38,"column":21},"end":{"line":56,"column":1}},"20":{"start":{"line":39,"column":2},"end":{"line":55,"column":3}},"21":{"start":{"line":40,"column":4},"end":{"line":42,"column":47}},"22":{"start":{"line":41,"column":24},"end":{"line":41,"column":53}},"23":{"start":{"line":42,"column":24},"end":{"line":42,"column":45}},"24":{"start":{"line":43,"column":9},"end":{"line":55,"column":3}},"25":{"start":{"line":44,"column":4},"end":{"line":46,"column":47}},"26":{"start":{"line":45,"column":24},"end":{"line":45,"column":54}},"27":{"start":{"line":46,"column":24},"end":{"line":46,"column":45}},"28":{"start":{"line":47,"column":9},"end":{"line":55,"column":3}},"29":{"start":{"line":48,"column":4},"end":{"line":49,"column":47}},"30":{"start":{"line":49,"column":24},"end":{"line":49,"column":45}},"31":{"start":{"line":50,"column":9},"end":{"line":55,"column":3}},"32":{"start":{"line":51,"column":4},"end":{"line":52,"column":47}},"33":{"start":{"line":52,"column":24},"end":{"line":52,"column":45}},"34":{"start":{"line":54,"column":4},"end":{"line":54,"column":22}},"35":{"start":{"line":59,"column":28},"end":{"line":76,"column":1}},"36":{"start":{"line":60,"column":24},"end":{"line":60,"column":36}},"37":{"start":{"line":61,"column":2},"end":{"line":75,"column":3}},"38":{"start":{"line":62,"column":4},"end":{"line":74,"column":5}},"39":{"start":{"line":64,"column":8},"end":{"line":64,"column":40}},"40":{"start":{"line":65,"column":8},"end":{"line":65,"column":14}},"41":{"start":{"line":67,"column":8},"end":{"line":67,"column":55}},"42":{"start":{"line":68,"column":8},"end":{"line":68,"column":14}},"43":{"start":{"line":70,"column":8},"end":{"line":70,"column":70}},"44":{"start":{"line":71,"column":8},"end":{"line":71,"column":14}},"45":{"start":{"line":73,"column":8},"end":{"line":73,"column":26}},"46":{"start":{"line":78,"column":0},"end":{"line":78,"column":22}},"47":{"start":{"line":80,"column":0},"end":{"line":82,"column":2}}},"fnMap":{"0":{"name":"(anonymous_0)","decl":{"start":{"line":7,"column":18},"end":{"line":7,"column":19}},"loc":{"start":{"line":7,"column":30},"end":{"line":7,"column":51}},"line":7},"1":{"name":"(anonymous_1)","decl":{"start":{"line":9,"column":20},"end":{"line":9,"column":21}},"loc":{"start":{"line":9,"column":31},"end":{"line":9,"column":88}},"line":9},"2":{"name":"(anonymous_2)","decl":{"start":{"line":9,"column":44},"end":{"line":9,"column":45}},"loc":{"start":{"line":9,"column":54},"end":{"line":9,"column":80}},"line":9},"3":{"name":"(anonymous_3)","decl":{"start":{"line":11,"column":20},"end":{"line":11,"column":21}},"loc":{"start":{"line":11,"column":31},"end":{"line":15,"column":1}},"line":11},"4":{"name":"(anonymous_4)","decl":{"start":{"line":13,"column":16},"end":{"line":13,"column":17}},"loc":{"start":{"line":13,"column":26},"end":{"line":13,"column":79}},"line":13},"5":{"name":"(anonymous_5)","decl":{"start":{"line":17,"column":24},"end":{"line":17,"column":25}},"loc":{"start":{"line":17,"column":41},"end":{"line":25,"column":1}},"line":17},"6":{"name":"(anonymous_6)","decl":{"start":{"line":38,"column":21},"end":{"line":38,"column":22}},"loc":{"start":{"line":38,"column":49},"end":{"line":56,"column":1}},"line":38},"7":{"name":"(anonymous_7)","decl":{"start":{"line":41,"column":12},"end":{"line":41,"column":13}},"loc":{"start":{"line":41,"column":24},"end":{"line":41,"column":53}},"line":41},"8":{"name":"(anonymous_8)","decl":{"start":{"line":42,"column":12},"end":{"line":42,"column":13}},"loc":{"start":{"line":42,"column":24},"end":{"line":42,"column":45}},"line":42},"9":{"name":"(anonymous_9)","decl":{"start":{"line":45,"column":12},"end":{"line":45,"column":13}},"loc":{"start":{"line":45,"column":24},"end":{"line":45,"column":54}},"line":45},"10":{"name":"(anonymous_10)","decl":{"start":{"line":46,"column":12},"end":{"line":46,"column":13}},"loc":{"start":{"line":46,"column":24},"end":{"line":46,"column":45}},"line":46},"11":{"name":"(anonymous_11)","decl":{"start":{"line":49,"column":12},"end":{"line":49,"column":13}},"loc":{"start":{"line":49,"column":24},"end":{"line":49,"column":45}},"line":49},"12":{"name":"(anonymous_12)","decl":{"start":{"line":52,"column":12},"end":{"line":52,"column":13}},"loc":{"start":{"line":52,"column":24},"end":{"line":52,"column":45}},"line":52},"13":{"name":"(anonymous_13)","decl":{"start":{"line":59,"column":28},"end":{"line":59,"column":29}},"loc":{"start":{"line":59,"column":34},"end":{"line":76,"column":1}},"line":59}},"branchMap":{"0":{"loc":{"start":{"line":13,"column":53},"end":{"line":13,"column":75}},"type":"binary-expr","locations":[{"start":{"line":13,"column":53},"end":{"line":13,"column":70}},{"start":{"line":13,"column":74},"end":{"line":13,"column":75}}],"line":13},"1":{"loc":{"start":{"line":19,"column":2},"end":{"line":23,"column":3}},"type":"if","locations":[{"start":{"line":19,"column":2},"end":{"line":23,"column":3}},{"start":{"line":19,"column":2},"end":{"line":23,"column":3}}],"line":19},"2":{"loc":{"start":{"line":39,"column":2},"end":{"line":55,"column":3}},"type":"if","locations":[{"start":{"line":39,"column":2},"end":{"line":55,"column":3}},{"start":{"line":39,"column":2},"end":{"line":55,"column":3}}],"line":39},"3":{"loc":{"start":{"line":39,"column":6},"end":{"line":39,"column":49}},"type":"binary-expr","locations":[{"start":{"line":39,"column":6},"end":{"line":39,"column":27}},{"start":{"line":39,"column":31},"end":{"line":39,"column":49}}],"line":39},"4":{"loc":{"start":{"line":43,"column":9},"end":{"line":55,"column":3}},"type":"if","locations":[{"start":{"line":43,"column":9},"end":{"line":55,"column":3}},{"start":{"line":43,"column":9},"end":{"line":55,"column":3}}],"line":43},"5":{"loc":{"start":{"line":43,"column":13},"end":{"line":43,"column":53}},"type":"binary-expr","locations":[{"start":{"line":43,"column":13},"end":{"line":43,"column":31}},{"start":{"line":43,"column":35},"end":{"line":43,"column":53}}],"line":43},"6":{"loc":{"start":{"line":47,"column":9},"end":{"line":55,"column":3}},"type":"if","locations":[{"start":{"line":47,"column":9},"end":{"line":55,"column":3}},{"start":{"line":47,"column":9},"end":{"line":55,"column":3}}],"line":47},"7":{"loc":{"start":{"line":47,"column":13},"end":{"line":47,"column":56}},"type":"binary-expr","locations":[{"start":{"line":47,"column":13},"end":{"line":47,"column":34}},{"start":{"line":47,"column":38},"end":{"line":47,"column":56}}],"line":47},"8":{"loc":{"start":{"line":50,"column":9},"end":{"line":55,"column":3}},"type":"if","locations":[{"start":{"line":50,"column":9},"end":{"line":55,"column":3}},{"start":{"line":50,"column":9},"end":{"line":55,"column":3}}],"line":50},"9":{"loc":{"start":{"line":50,"column":13},"end":{"line":50,"column":53}},"type":"binary-expr","locations":[{"start":{"line":50,"column":13},"end":{"line":50,"column":31}},{"start":{"line":50,"column":35},"end":{"line":50,"column":53}}],"line":50},"10":{"loc":{"start":{"line":61,"column":2},"end":{"line":75,"column":3}},"type":"if","locations":[{"start":{"line":61,"column":2},"end":{"line":75,"column":3}},{"start":{"line":61,"column":2},"end":{"line":75,"column":3}}],"line":61},"11":{"loc":{"start":{"line":62,"column":4},"end":{"line":74,"column":5}},"type":"switch","locations":[{"start":{"line":63,"column":6},"end":{"line":65,"column":14}},{"start":{"line":66,"column":6},"end":{"line":68,"column":14}},{"start":{"line":69,"column":6},"end":{"line":71,"column":14}},{"start":{"line":72,"column":6},"end":{"line":73,"column":26}}],"line":62}},"s":{"0":1,"1":1,"2":1,"3":3,"4":1,"5":2,"6":8,"7":1,"8":2,"9":2,"10":8,"11":2,"12":1,"13":2,"14":2,"15":0,"16":2,"17":2,"18":1,"19":1,"20":0,"21":0,"22":0,"23":0,"24":0,"25":0,"26":0,"27":0,"28":0,"29":0,"30":0,"31":0,"32":0,"33":0,"34":0,"35":1,"36":1,"37":1,"38":0,"39":0,"40":0,"41":0,"42":0,"43":0,"44":0,"45":0,"46":1,"47":1},"f":{"0":3,"1":2,"2":8,"3":2,"4":8,"5":2,"6":0,"7":0,"8":0,"9":0,"10":0,"11":0,"12":0,"13":1},"b":{"0":[8,6],"1":[0,2],"2":[0,0],"3":[0,0],"4":[0,0],"5":[0,0],"6":[0,0],"7":[0,0],"8":[0,0],"9":[0,0],"10":[0,1],"11":[0,0,0,0]},"_coverageSchema":"1a1c01bbd47fc00a2c39e90264f33305004495a9","hash":"421c8ddc4ad680be775b117cb2ca81a453bf06b5"}
}
