{"/home/ghlena/Desktop/laboratoria/LIM012-fe-md-links/src/cli.js": {"path":"/home/ghlena/Desktop/laboratoria/LIM012-fe-md-links/src/cli.js","statementMap":{"0":{"start":{"line":1,"column":11},"end":{"line":1,"column":24}},"1":{"start":{"line":2,"column":13},"end":{"line":2,"column":28}},"2":{"start":{"line":3,"column":16},"end":{"line":3,"column":40}},"3":{"start":{"line":5,"column":21},"end":{"line":5,"column":52}},"4":{"start":{"line":5,"column":33},"end":{"line":5,"column":52}},"5":{"start":{"line":7,"column":24},"end":{"line":20,"column":1}},"6":{"start":{"line":8,"column":19},"end":{"line":8,"column":20}},"7":{"start":{"line":9,"column":2},"end":{"line":17,"column":3}},"8":{"start":{"line":10,"column":4},"end":{"line":10,"column":19}},"9":{"start":{"line":11,"column":9},"end":{"line":17,"column":3}},"10":{"start":{"line":12,"column":4},"end":{"line":12,"column":19}},"11":{"start":{"line":13,"column":9},"end":{"line":17,"column":3}},"12":{"start":{"line":14,"column":4},"end":{"line":14,"column":19}},"13":{"start":{"line":15,"column":9},"end":{"line":17,"column":3}},"14":{"start":{"line":16,"column":4},"end":{"line":16,"column":19}},"15":{"start":{"line":18,"column":2},"end":{"line":18,"column":38}},"16":{"start":{"line":19,"column":2},"end":{"line":19,"column":20}},"17":{"start":{"line":22,"column":24},"end":{"line":24,"column":1}},"18":{"start":{"line":27,"column":28},"end":{"line":53,"column":1}},"19":{"start":{"line":28,"column":24},"end":{"line":28,"column":36}},"20":{"start":{"line":55,"column":0},"end":{"line":57,"column":2}}},"fnMap":{"0":{"name":"(anonymous_0)","decl":{"start":{"line":5,"column":21},"end":{"line":5,"column":22}},"loc":{"start":{"line":5,"column":33},"end":{"line":5,"column":52}},"line":5},"1":{"name":"(anonymous_1)","decl":{"start":{"line":7,"column":24},"end":{"line":7,"column":25}},"loc":{"start":{"line":7,"column":40},"end":{"line":20,"column":1}},"line":7},"2":{"name":"(anonymous_2)","decl":{"start":{"line":22,"column":24},"end":{"line":22,"column":25}},"loc":{"start":{"line":22,"column":47},"end":{"line":24,"column":1}},"line":22},"3":{"name":"(anonymous_3)","decl":{"start":{"line":27,"column":28},"end":{"line":27,"column":29}},"loc":{"start":{"line":27,"column":34},"end":{"line":53,"column":1}},"line":27}},"branchMap":{"0":{"loc":{"start":{"line":9,"column":2},"end":{"line":17,"column":3}},"type":"if","locations":[{"start":{"line":9,"column":2},"end":{"line":17,"column":3}},{"start":{"line":9,"column":2},"end":{"line":17,"column":3}}],"line":9},"1":{"loc":{"start":{"line":9,"column":6},"end":{"line":9,"column":49}},"type":"binary-expr","locations":[{"start":{"line":9,"column":6},"end":{"line":9,"column":27}},{"start":{"line":9,"column":31},"end":{"line":9,"column":49}}],"line":9},"2":{"loc":{"start":{"line":11,"column":9},"end":{"line":17,"column":3}},"type":"if","locations":[{"start":{"line":11,"column":9},"end":{"line":17,"column":3}},{"start":{"line":11,"column":9},"end":{"line":17,"column":3}}],"line":11},"3":{"loc":{"start":{"line":11,"column":13},"end":{"line":11,"column":53}},"type":"binary-expr","locations":[{"start":{"line":11,"column":13},"end":{"line":11,"column":31}},{"start":{"line":11,"column":35},"end":{"line":11,"column":53}}],"line":11},"4":{"loc":{"start":{"line":13,"column":9},"end":{"line":17,"column":3}},"type":"if","locations":[{"start":{"line":13,"column":9},"end":{"line":17,"column":3}},{"start":{"line":13,"column":9},"end":{"line":17,"column":3}}],"line":13},"5":{"loc":{"start":{"line":13,"column":13},"end":{"line":13,"column":56}},"type":"binary-expr","locations":[{"start":{"line":13,"column":13},"end":{"line":13,"column":34}},{"start":{"line":13,"column":38},"end":{"line":13,"column":56}}],"line":13},"6":{"loc":{"start":{"line":15,"column":9},"end":{"line":17,"column":3}},"type":"if","locations":[{"start":{"line":15,"column":9},"end":{"line":17,"column":3}},{"start":{"line":15,"column":9},"end":{"line":17,"column":3}}],"line":15},"7":{"loc":{"start":{"line":15,"column":13},"end":{"line":15,"column":53}},"type":"binary-expr","locations":[{"start":{"line":15,"column":13},"end":{"line":15,"column":31}},{"start":{"line":15,"column":35},"end":{"line":15,"column":53}}],"line":15}},"s":{"0":1,"1":1,"2":1,"3":1,"4":2,"5":1,"6":8,"7":8,"8":1,"9":7,"10":1,"11":6,"12":1,"13":5,"14":1,"15":8,"16":8,"17":1,"18":1,"19":0,"20":1},"f":{"0":2,"1":8,"2":0,"3":0},"b":{"0":[1,7],"1":[8,2],"2":[1,6],"3":[7,1],"4":[1,5],"5":[6,1],"6":[1,4],"7":[5,1]},"_coverageSchema":"1a1c01bbd47fc00a2c39e90264f33305004495a9","hash":"c59b87031359166fc78c6e46a2d51dd6d891cd5d"}
}
