TN:
SF:src/cli.js
FN:5,(anonymous_0)
FN:7,(anonymous_1)
FN:22,(anonymous_2)
FN:27,(anonymous_3)
FNF:4
FNH:2
FNDA:2,(anonymous_0)
FNDA:8,(anonymous_1)
FNDA:0,(anonymous_2)
FNDA:0,(anonymous_3)
DA:1,1
DA:2,1
DA:3,1
DA:5,2
DA:7,1
DA:8,8
DA:9,8
DA:10,1
DA:11,7
DA:12,1
DA:13,6
DA:14,1
DA:15,5
DA:16,1
DA:18,8
DA:19,8
DA:22,1
DA:27,1
DA:28,0
DA:55,1
LF:20
LH:19
BRDA:9,0,0,1
BRDA:9,0,1,7
BRDA:9,1,0,8
BRDA:9,1,1,2
BRDA:11,2,0,1
BRDA:11,2,1,6
BRDA:11,3,0,7
BRDA:11,3,1,1
BRDA:13,4,0,1
BRDA:13,4,1,5
BRDA:13,5,0,6
BRDA:13,5,1,1
BRDA:15,6,0,1
BRDA:15,6,1,4
BRDA:15,7,0,5
BRDA:15,7,1,1
BRF:16
BRH:16
end_of_record
