TN:
SF:src/api.js
FN:14,(anonymous_0)
FN:15,(anonymous_1)
FN:24,(anonymous_2)
FN:26,(anonymous_3)
FN:28,(anonymous_4)
FN:34,(anonymous_5)
FN:42,(anonymous_6)
FN:48,(anonymous_7)
FN:52,(anonymous_8)
FN:52,(anonymous_9)
FN:56,(anonymous_10)
FN:58,(anonymous_11)
FN:61,(anonymous_12)
FN:61,(anonymous_13)
FN:62,(anonymous_14)
FN:63,(anonymous_15)
FNF:16
FNH:0
FNDA:0,(anonymous_0)
FNDA:0,(anonymous_1)
FNDA:0,(anonymous_2)
FNDA:0,(anonymous_3)
FNDA:0,(anonymous_4)
FNDA:0,(anonymous_5)
FNDA:0,(anonymous_6)
FNDA:0,(anonymous_7)
FNDA:0,(anonymous_8)
FNDA:0,(anonymous_9)
FNDA:0,(anonymous_10)
FNDA:0,(anonymous_11)
FNDA:0,(anonymous_12)
FNDA:0,(anonymous_13)
FNDA:0,(anonymous_14)
FNDA:0,(anonymous_15)
DA:2,1
DA:3,1
DA:4,1
DA:5,1
DA:8,1
DA:10,1
DA:11,1
DA:14,1
DA:15,0
DA:24,1
DA:26,1
DA:28,1
DA:29,0
DA:30,0
DA:31,0
DA:32,0
DA:33,0
DA:34,0
DA:39,0
DA:42,1
DA:43,0
DA:44,0
DA:48,1
DA:49,0
DA:50,0
DA:52,0
DA:56,1
DA:57,0
DA:58,0
DA:59,0
DA:60,0
DA:61,0
DA:62,0
DA:63,0
DA:65,0
DA:68,1
LF:36
LH:15
BRDA:20,0,0,0
BRDA:20,0,1,0
BRDA:26,1,0,0
BRDA:26,1,1,0
BRDA:50,2,0,0
BRDA:50,2,1,0
BRDA:57,3,0,0
BRDA:57,3,1,0
BRDA:62,4,0,0
BRDA:62,4,1,0
BRDA:62,5,0,0
BRDA:62,5,1,0
BRF:12
BRH:0
end_of_record
TN:
SF:src/cli.js
FN:7,(anonymous_0)
FN:9,(anonymous_1)
FN:9,(anonymous_2)
FN:11,(anonymous_3)
FN:13,(anonymous_4)
FN:17,(anonymous_5)
FN:38,(anonymous_6)
FN:41,(anonymous_7)
FN:42,(anonymous_8)
FN:45,(anonymous_9)
FN:46,(anonymous_10)
FN:49,(anonymous_11)
FN:52,(anonymous_12)
FN:59,(anonymous_13)
FNF:14
FNH:7
FNDA:3,(anonymous_0)
FNDA:2,(anonymous_1)
FNDA:8,(anonymous_2)
FNDA:2,(anonymous_3)
FNDA:8,(anonymous_4)
FNDA:2,(anonymous_5)
FNDA:0,(anonymous_6)
FNDA:0,(anonymous_7)
FNDA:0,(anonymous_8)
FNDA:0,(anonymous_9)
FNDA:0,(anonymous_10)
FNDA:0,(anonymous_11)
FNDA:0,(anonymous_12)
FNDA:1,(anonymous_13)
DA:3,1
DA:5,1
DA:7,3
DA:9,8
DA:11,1
DA:12,2
DA:13,8
DA:14,2
DA:17,1
DA:18,2
DA:19,2
DA:20,0
DA:22,2
DA:24,2
DA:28,1
DA:38,1
DA:39,0
DA:40,0
DA:41,0
DA:42,0
DA:43,0
DA:44,0
DA:45,0
DA:46,0
DA:47,0
DA:48,0
DA:49,0
DA:50,0
DA:51,0
DA:52,0
DA:54,0
DA:59,1
DA:60,1
DA:61,1
DA:62,0
DA:64,0
DA:65,0
DA:67,0
DA:68,0
DA:70,0
DA:71,0
DA:73,0
DA:78,1
DA:80,1
LF:44
LH:20
BRDA:13,0,0,8
BRDA:13,0,1,6
BRDA:19,1,0,0
BRDA:19,1,1,2
BRDA:39,2,0,0
BRDA:39,2,1,0
BRDA:39,3,0,0
BRDA:39,3,1,0
BRDA:43,4,0,0
BRDA:43,4,1,0
BRDA:43,5,0,0
BRDA:43,5,1,0
BRDA:47,6,0,0
BRDA:47,6,1,0
BRDA:47,7,0,0
BRDA:47,7,1,0
BRDA:50,8,0,0
BRDA:50,8,1,0
BRDA:50,9,0,0
BRDA:50,9,1,0
BRDA:61,10,0,0
BRDA:61,10,1,1
BRDA:62,11,0,0
BRDA:62,11,1,0
BRDA:62,11,2,0
BRDA:62,11,3,0
BRF:26
BRH:4
end_of_record
